<?xml version="1.0" encoding="UTF-8"?>
<!-- Generated by org.testng.reporters.JUnitReportReporter -->
<testsuite hostname="DESKTOP-E57FEQI" failures="0" tests="3" name="TestNG.sample3" time="0.034" errors="0" timestamp="2022-11-26T07:07:31 IST" skipped="0">
  <testcase classname="TestNG.sample3" name="TC10" time="0.012"/>
  <system-out>
    <![CDATA[running TC10]]>
  </system-out>
  <testcase classname="TestNG.sample3" name="TC8" time="0.009"/>
  <system-out>
    <![CDATA[running TC8]]>
  </system-out>
  <testcase classname="TestNG.sample3" name="TC9" time="0.013"/>
  <system-out>
    <![CDATA[running TC9]]>
  </system-out>
</testsuite> <!-- TestNG.sample3 -->
