<?xml version="1.0" encoding="UTF-8"?>
<!-- Generated by org.testng.reporters.JUnitReportReporter -->
<testsuite hostname="DESKTOP-E57FEQI" failures="0" tests="4" name="TestNG.dataProviderAnnotation" time="0.048" errors="0" timestamp="2022-11-28T06:21:29 IST" skipped="0">
  <testcase classname="TestNG.dataProviderAnnotation" name="TC1" time="0.001"/>
  <system-out/>
  <testcase classname="TestNG.dataProviderAnnotation" name="TC1" time="0.029"/>
  <system-out/>
  <testcase classname="TestNG.dataProviderAnnotation" name="TC1" time="0.008"/>
  <system-out/>
  <testcase classname="TestNG.dataProviderAnnotation" name="TC1" time="0.010"/>
  <system-out/>
</testsuite> <!-- TestNG.dataProviderAnnotation -->
