<?xml version="1.0" encoding="UTF-8"?>
<!-- Generated by org.testng.reporters.JUnitReportReporter -->
<testsuite hostname="DESKTOP-E57FEQI" failures="0" tests="3" name="TestNG.TestNG_Group" time="0.056" errors="0" timestamp="2022-11-26T20:32:21 IST" skipped="0">
  <testcase classname="TestNG.TestNG_Group" name="TC6" time="0.006"/>
  <system-out/>
  <testcase classname="TestNG.TestNG_Group" name="TC2" time="0.045"/>
  <system-out/>
  <testcase classname="TestNG.TestNG_Group" name="TC5" time="0.005"/>
  <system-out/>
</testsuite> <!-- TestNG.TestNG_Group -->
