<?xml version="1.0" encoding="UTF-8"?>
<!-- Generated by org.testng.reporters.JUnitReportReporter -->
<testsuite hostname="DESKTOP-E57FEQI" failures="0" tests="5" name="TestNG.TestNG_Keywords" time="0.067" errors="0" timestamp="2022-11-25T07:14:48 IST" skipped="1">
  <testcase classname="TestNG.TestNG_Keywords" name="TC2" time="0.031"/>
  <system-out>
    <![CDATA[running TC2]]>
  </system-out>
  <testcase classname="TestNG.TestNG_Keywords" name="TC4" time="0.002"/>
  <system-out>
    <![CDATA[running TC4]]>
  </system-out>
  <testcase classname="TestNG.TestNG_Keywords" name="TC5" time="0.025"/>
  <system-out>
    <![CDATA[running TC5]]>
  </system-out>
  <testcase classname="TestNG.TestNG_Keywords" name="TC3" time="0.009"/>
  <system-out>
    <![CDATA[running TC3]]>
  </system-out>
  <testcase classname="TestNG.TestNG_Keywords" name="TC1">
    <skipped/>
  </testcase> <!-- TC1 -->
  <system-out/>
</testsuite> <!-- TestNG.TestNG_Keywords -->
