<?xml version="1.0" encoding="UTF-8"?>
<!-- Generated by org.testng.reporters.JUnitReportReporter -->
<testsuite hostname="DESKTOP-E57FEQI" failures="0" tests="1" name="TestNG.testNGTestClass" time="0.033" errors="0" timestamp="2022-11-25T06:35:00 IST" skipped="0">
  <testcase classname="TestNG.testNGTestClass" name="test" time="0.033"/>
  <system-out>
    <![CDATA[good morning]]>
  </system-out>
</testsuite> <!-- TestNG.testNGTestClass -->
