<?xml version="1.0" encoding="UTF-8"?>
<!-- Generated by org.testng.reporters.JUnitReportReporter -->
<testsuite hostname="DESKTOP-E57FEQI" failures="0" tests="3" name="TestNG.sample1" time="0.051" errors="0" timestamp="2022-11-26T07:07:31 IST" skipped="0">
  <testcase classname="TestNG.sample1" name="TC3" time="0.010"/>
  <system-out>
    <![CDATA[running TC3]]>
  </system-out>
  <testcase classname="TestNG.sample1" name="TC1" time="0.029"/>
  <system-out>
    <![CDATA[running TC1]]>
  </system-out>
  <testcase classname="TestNG.sample1" name="TC2" time="0.012"/>
  <system-out>
    <![CDATA[running TC2]]>
  </system-out>
</testsuite> <!-- TestNG.sample1 -->
